2026-03-10 22:02:03,069 | ERROR | 文件上传失败: 'filename' is an invalid keyword argument for Task
2026-03-14 21:41:36,379 | INFO | 任务解析成功: task_id=6
2026-03-14 21:44:32,745 | INFO | 任务解析成功: task_id=7
2026-03-14 21:46:21,930 | INFO | 任务解析成功: task_id=7
2026-03-14 21:53:00,351 | INFO | 任务解析成功: task_id=8
2026-03-14 22:10:11,678 | INFO | NumExpr defaulting to 16 threads.
2026-03-14 22:10:13,343 | INFO | Use pytorch device_name: cpu
2026-03-14 22:10:13,343 | INFO | Load pretrained SentenceTransformer: shibing624/text2vec-base-chinese
2026-03-14 22:10:14,807 | INFO | HTTP Request: HEAD https://huggingface.co/shibing624/text2vec-base-chinese/resolve/main/modules.json "HTTP/1.1 307 Temporary Redirect"
2026-03-14 22:10:14,857 | INFO | HTTP Request: HEAD https://huggingface.co/api/resolve-cache/models/shibing624/text2vec-base-chinese/183bb99aa7af74355fb58d16edf8c13ae7c5433e/modules.json "HTTP/1.1 200 OK"
2026-03-14 22:10:14,903 | INFO | HTTP Request: GET https://huggingface.co/api/resolve-cache/models/shibing624/text2vec-base-chinese/183bb99aa7af74355fb58d16edf8c13ae7c5433e/modules.json "HTTP/1.1 200 OK"
2026-03-14 22:10:15,178 | INFO | HTTP Request: HEAD https://huggingface.co/shibing624/text2vec-base-chinese/resolve/main/config_sentence_transformers.json "HTTP/1.1 404 Not Found"
2026-03-14 22:10:15,465 | INFO | HTTP Request: HEAD https://huggingface.co/shibing624/text2vec-base-chinese/resolve/main/config_sentence_transformers.json "HTTP/1.1 404 Not Found"
2026-03-14 22:10:15,729 | INFO | HTTP Request: HEAD https://huggingface.co/shibing624/text2vec-base-chinese/resolve/main/README.md "HTTP/1.1 307 Temporary Redirect"
2026-03-14 22:10:15,770 | INFO | HTTP Request: HEAD https://huggingface.co/api/resolve-cache/models/shibing624/text2vec-base-chinese/183bb99aa7af74355fb58d16edf8c13ae7c5433e/README.md "HTTP/1.1 200 OK"
2026-03-14 22:10:15,815 | INFO | HTTP Request: GET https://huggingface.co/api/resolve-cache/models/shibing624/text2vec-base-chinese/183bb99aa7af74355fb58d16edf8c13ae7c5433e/README.md "HTTP/1.1 200 OK"
2026-03-14 22:10:16,081 | INFO | HTTP Request: HEAD https://huggingface.co/shibing624/text2vec-base-chinese/resolve/main/modules.json "HTTP/1.1 307 Temporary Redirect"
2026-03-14 22:10:16,121 | INFO | HTTP Request: HEAD https://huggingface.co/api/resolve-cache/models/shibing624/text2vec-base-chinese/183bb99aa7af74355fb58d16edf8c13ae7c5433e/modules.json "HTTP/1.1 200 OK"
2026-03-14 22:10:16,380 | INFO | HTTP Request: HEAD https://huggingface.co/shibing624/text2vec-base-chinese/resolve/main/sentence_bert_config.json "HTTP/1.1 307 Temporary Redirect"
2026-03-14 22:10:16,422 | INFO | HTTP Request: HEAD https://huggingface.co/api/resolve-cache/models/shibing624/text2vec-base-chinese/183bb99aa7af74355fb58d16edf8c13ae7c5433e/sentence_bert_config.json "HTTP/1.1 200 OK"
2026-03-14 22:10:16,472 | INFO | HTTP Request: GET https://huggingface.co/api/resolve-cache/models/shibing624/text2vec-base-chinese/183bb99aa7af74355fb58d16edf8c13ae7c5433e/sentence_bert_config.json "HTTP/1.1 200 OK"
2026-03-14 22:10:16,742 | INFO | HTTP Request: HEAD https://huggingface.co/shibing624/text2vec-base-chinese/resolve/main/adapter_config.json "HTTP/1.1 404 Not Found"
2026-03-14 22:10:17,006 | INFO | HTTP Request: HEAD https://huggingface.co/shibing624/text2vec-base-chinese/resolve/main/config.json "HTTP/1.1 307 Temporary Redirect"
2026-03-14 22:10:17,048 | INFO | HTTP Request: HEAD https://huggingface.co/api/resolve-cache/models/shibing624/text2vec-base-chinese/183bb99aa7af74355fb58d16edf8c13ae7c5433e/config.json "HTTP/1.1 200 OK"
2026-03-14 22:10:17,092 | INFO | HTTP Request: GET https://huggingface.co/api/resolve-cache/models/shibing624/text2vec-base-chinese/183bb99aa7af74355fb58d16edf8c13ae7c5433e/config.json "HTTP/1.1 200 OK"
2026-03-14 22:10:17,413 | INFO | HTTP Request: HEAD https://huggingface.co/shibing624/text2vec-base-chinese/resolve/main/model.safetensors "HTTP/1.1 302 Found"
2026-03-14 22:10:17,684 | INFO | HTTP Request: GET https://huggingface.co/api/models/shibing624/text2vec-base-chinese/xet-read-token/183bb99aa7af74355fb58d16edf8c13ae7c5433e "HTTP/1.1 200 OK"
2026-03-14 22:10:58,313 | INFO | HTTP Request: HEAD https://huggingface.co/shibing624/text2vec-base-chinese/resolve/main/config.json "HTTP/1.1 307 Temporary Redirect"
2026-03-14 22:10:58,315 | WARNING | Warning: You are sending unauthenticated requests to the HF Hub. Please set a HF_TOKEN to enable higher rate limits and faster downloads.
2026-03-14 22:10:58,359 | INFO | HTTP Request: HEAD https://huggingface.co/api/resolve-cache/models/shibing624/text2vec-base-chinese/183bb99aa7af74355fb58d16edf8c13ae7c5433e/config.json "HTTP/1.1 200 OK"
2026-03-14 22:10:58,626 | INFO | HTTP Request: HEAD https://huggingface.co/shibing624/text2vec-base-chinese/resolve/main/tokenizer_config.json "HTTP/1.1 307 Temporary Redirect"
2026-03-14 22:10:58,672 | INFO | HTTP Request: HEAD https://huggingface.co/api/resolve-cache/models/shibing624/text2vec-base-chinese/183bb99aa7af74355fb58d16edf8c13ae7c5433e/tokenizer_config.json "HTTP/1.1 200 OK"
2026-03-14 22:10:58,723 | INFO | HTTP Request: GET https://huggingface.co/api/resolve-cache/models/shibing624/text2vec-base-chinese/183bb99aa7af74355fb58d16edf8c13ae7c5433e/tokenizer_config.json "HTTP/1.1 200 OK"
2026-03-14 22:10:59,001 | INFO | HTTP Request: GET https://huggingface.co/api/models/shibing624/text2vec-base-chinese/tree/main/additional_chat_templates?recursive=false&expand=false "HTTP/1.1 404 Not Found"
2026-03-14 22:10:59,268 | INFO | HTTP Request: GET https://huggingface.co/api/models/shibing624/text2vec-base-chinese/tree/main?recursive=true&expand=false "HTTP/1.1 200 OK"
2026-03-14 22:10:59,527 | INFO | HTTP Request: HEAD https://huggingface.co/shibing624/text2vec-base-chinese/resolve/main/vocab.txt "HTTP/1.1 307 Temporary Redirect"
2026-03-14 22:10:59,574 | INFO | HTTP Request: HEAD https://huggingface.co/api/resolve-cache/models/shibing624/text2vec-base-chinese/183bb99aa7af74355fb58d16edf8c13ae7c5433e/vocab.txt "HTTP/1.1 200 OK"
2026-03-14 22:10:59,622 | INFO | HTTP Request: GET https://huggingface.co/api/resolve-cache/models/shibing624/text2vec-base-chinese/183bb99aa7af74355fb58d16edf8c13ae7c5433e/vocab.txt "HTTP/1.1 200 OK"
2026-03-14 22:10:59,950 | INFO | HTTP Request: HEAD https://huggingface.co/shibing624/text2vec-base-chinese/resolve/main/tokenizer.json "HTTP/1.1 404 Not Found"
2026-03-14 22:11:00,234 | INFO | HTTP Request: HEAD https://huggingface.co/shibing624/text2vec-base-chinese/resolve/main/added_tokens.json "HTTP/1.1 404 Not Found"
2026-03-14 22:11:00,500 | INFO | HTTP Request: HEAD https://huggingface.co/shibing624/text2vec-base-chinese/resolve/main/special_tokens_map.json "HTTP/1.1 307 Temporary Redirect"
2026-03-14 22:11:00,544 | INFO | HTTP Request: HEAD https://huggingface.co/api/resolve-cache/models/shibing624/text2vec-base-chinese/183bb99aa7af74355fb58d16edf8c13ae7c5433e/special_tokens_map.json "HTTP/1.1 200 OK"
2026-03-14 22:11:00,592 | INFO | HTTP Request: GET https://huggingface.co/api/resolve-cache/models/shibing624/text2vec-base-chinese/183bb99aa7af74355fb58d16edf8c13ae7c5433e/special_tokens_map.json "HTTP/1.1 200 OK"
2026-03-14 22:11:00,858 | INFO | HTTP Request: HEAD https://huggingface.co/shibing624/text2vec-base-chinese/resolve/main/chat_template.jinja "HTTP/1.1 404 Not Found"
2026-03-14 22:11:01,148 | INFO | HTTP Request: HEAD https://huggingface.co/shibing624/text2vec-base-chinese/resolve/main/1_Pooling/config.json "HTTP/1.1 307 Temporary Redirect"
2026-03-14 22:11:01,193 | INFO | HTTP Request: HEAD https://huggingface.co/api/resolve-cache/models/shibing624/text2vec-base-chinese/183bb99aa7af74355fb58d16edf8c13ae7c5433e/1_Pooling%2Fconfig.json "HTTP/1.1 200 OK"
2026-03-14 22:11:01,244 | INFO | HTTP Request: GET https://huggingface.co/api/resolve-cache/models/shibing624/text2vec-base-chinese/183bb99aa7af74355fb58d16edf8c13ae7c5433e/1_Pooling%2Fconfig.json "HTTP/1.1 200 OK"
2026-03-14 22:11:01,518 | INFO | HTTP Request: GET https://huggingface.co/api/models/shibing624/text2vec-base-chinese "HTTP/1.1 200 OK"
2026-03-14 23:04:52,859 | INFO | NumExpr defaulting to 16 threads.
2026-03-14 23:04:54,781 | INFO | Use pytorch device_name: cpu
2026-03-14 23:04:54,781 | INFO | Load pretrained SentenceTransformer: shibing624/text2vec-base-chinese
2026-03-14 23:04:56,218 | INFO | HTTP Request: HEAD https://huggingface.co/shibing624/text2vec-base-chinese/resolve/main/modules.json "HTTP/1.1 307 Temporary Redirect"
2026-03-14 23:04:56,263 | INFO | HTTP Request: HEAD https://huggingface.co/api/resolve-cache/models/shibing624/text2vec-base-chinese/183bb99aa7af74355fb58d16edf8c13ae7c5433e/modules.json "HTTP/1.1 200 OK"
2026-03-14 23:04:56,539 | INFO | HTTP Request: HEAD https://huggingface.co/shibing624/text2vec-base-chinese/resolve/main/config_sentence_transformers.json "HTTP/1.1 404 Not Found"
2026-03-14 23:04:56,816 | INFO | HTTP Request: HEAD https://huggingface.co/shibing624/text2vec-base-chinese/resolve/main/config_sentence_transformers.json "HTTP/1.1 404 Not Found"
2026-03-14 23:04:56,817 | WARNING | Warning: You are sending unauthenticated requests to the HF Hub. Please set a HF_TOKEN to enable higher rate limits and faster downloads.
2026-03-14 23:04:57,083 | INFO | HTTP Request: HEAD https://huggingface.co/shibing624/text2vec-base-chinese/resolve/main/README.md "HTTP/1.1 307 Temporary Redirect"
2026-03-14 23:04:57,128 | INFO | HTTP Request: HEAD https://huggingface.co/api/resolve-cache/models/shibing624/text2vec-base-chinese/183bb99aa7af74355fb58d16edf8c13ae7c5433e/README.md "HTTP/1.1 200 OK"
2026-03-14 23:04:57,395 | INFO | HTTP Request: HEAD https://huggingface.co/shibing624/text2vec-base-chinese/resolve/main/modules.json "HTTP/1.1 307 Temporary Redirect"
2026-03-14 23:04:57,440 | INFO | HTTP Request: HEAD https://huggingface.co/api/resolve-cache/models/shibing624/text2vec-base-chinese/183bb99aa7af74355fb58d16edf8c13ae7c5433e/modules.json "HTTP/1.1 200 OK"
2026-03-14 23:04:57,706 | INFO | HTTP Request: HEAD https://huggingface.co/shibing624/text2vec-base-chinese/resolve/main/sentence_bert_config.json "HTTP/1.1 307 Temporary Redirect"
2026-03-14 23:04:57,749 | INFO | HTTP Request: HEAD https://huggingface.co/api/resolve-cache/models/shibing624/text2vec-base-chinese/183bb99aa7af74355fb58d16edf8c13ae7c5433e/sentence_bert_config.json "HTTP/1.1 200 OK"
2026-03-14 23:04:58,021 | INFO | HTTP Request: HEAD https://huggingface.co/shibing624/text2vec-base-chinese/resolve/main/adapter_config.json "HTTP/1.1 404 Not Found"
2026-03-14 23:04:58,291 | INFO | HTTP Request: HEAD https://huggingface.co/shibing624/text2vec-base-chinese/resolve/main/config.json "HTTP/1.1 307 Temporary Redirect"
2026-03-14 23:04:58,336 | INFO | HTTP Request: HEAD https://huggingface.co/api/resolve-cache/models/shibing624/text2vec-base-chinese/183bb99aa7af74355fb58d16edf8c13ae7c5433e/config.json "HTTP/1.1 200 OK"
2026-03-14 23:04:58,786 | INFO | HTTP Request: HEAD https://huggingface.co/shibing624/text2vec-base-chinese/resolve/main/config.json "HTTP/1.1 307 Temporary Redirect"
2026-03-14 23:04:58,829 | INFO | HTTP Request: HEAD https://huggingface.co/api/resolve-cache/models/shibing624/text2vec-base-chinese/183bb99aa7af74355fb58d16edf8c13ae7c5433e/config.json "HTTP/1.1 200 OK"
2026-03-14 23:04:59,091 | INFO | HTTP Request: HEAD https://huggingface.co/shibing624/text2vec-base-chinese/resolve/main/tokenizer_config.json "HTTP/1.1 307 Temporary Redirect"
2026-03-14 23:04:59,135 | INFO | HTTP Request: HEAD https://huggingface.co/api/resolve-cache/models/shibing624/text2vec-base-chinese/183bb99aa7af74355fb58d16edf8c13ae7c5433e/tokenizer_config.json "HTTP/1.1 200 OK"
2026-03-14 23:04:59,411 | INFO | HTTP Request: GET https://huggingface.co/api/models/shibing624/text2vec-base-chinese/tree/main/additional_chat_templates?recursive=false&expand=false "HTTP/1.1 404 Not Found"
2026-03-14 23:04:59,689 | INFO | HTTP Request: GET https://huggingface.co/api/models/shibing624/text2vec-base-chinese/tree/main?recursive=true&expand=false "HTTP/1.1 200 OK"
2026-03-14 23:04:59,970 | INFO | HTTP Request: HEAD https://huggingface.co/shibing624/text2vec-base-chinese/resolve/main/1_Pooling/config.json "HTTP/1.1 307 Temporary Redirect"
2026-03-14 23:05:00,014 | INFO | HTTP Request: HEAD https://huggingface.co/api/resolve-cache/models/shibing624/text2vec-base-chinese/183bb99aa7af74355fb58d16edf8c13ae7c5433e/1_Pooling%2Fconfig.json "HTTP/1.1 200 OK"
2026-03-14 23:05:00,284 | INFO | HTTP Request: GET https://huggingface.co/api/models/shibing624/text2vec-base-chinese "HTTP/1.1 200 OK"
2026-03-14 23:05:48,086 | INFO | 任务解析成功: task_id=9
2026-03-15 00:09:49,222 | INFO | NumExpr defaulting to 16 threads.
2026-03-15 00:09:50,759 | INFO | Use pytorch device_name: cpu
2026-03-15 00:09:50,760 | INFO | Load pretrained SentenceTransformer: shibing624/text2vec-base-chinese
2026-03-15 00:09:52,700 | INFO | HTTP Request: HEAD https://huggingface.co/shibing624/text2vec-base-chinese/resolve/main/modules.json "HTTP/1.1 307 Temporary Redirect"
2026-03-15 00:09:52,702 | WARNING | Warning: You are sending unauthenticated requests to the HF Hub. Please set a HF_TOKEN to enable higher rate limits and faster downloads.
2026-03-15 00:09:52,774 | INFO | HTTP Request: HEAD https://huggingface.co/api/resolve-cache/models/shibing624/text2vec-base-chinese/183bb99aa7af74355fb58d16edf8c13ae7c5433e/modules.json "HTTP/1.1 200 OK"
2026-03-15 00:09:53,064 | INFO | HTTP Request: HEAD https://huggingface.co/shibing624/text2vec-base-chinese/resolve/main/config_sentence_transformers.json "HTTP/1.1 404 Not Found"
2026-03-15 00:09:53,359 | INFO | HTTP Request: HEAD https://huggingface.co/shibing624/text2vec-base-chinese/resolve/main/config_sentence_transformers.json "HTTP/1.1 404 Not Found"
2026-03-15 00:09:53,977 | INFO | HTTP Request: HEAD https://huggingface.co/shibing624/text2vec-base-chinese/resolve/main/README.md "HTTP/1.1 307 Temporary Redirect"
2026-03-15 00:09:54,047 | INFO | HTTP Request: HEAD https://huggingface.co/api/resolve-cache/models/shibing624/text2vec-base-chinese/183bb99aa7af74355fb58d16edf8c13ae7c5433e/README.md "HTTP/1.1 200 OK"
2026-03-15 00:09:54,378 | INFO | HTTP Request: HEAD https://huggingface.co/shibing624/text2vec-base-chinese/resolve/main/modules.json "HTTP/1.1 307 Temporary Redirect"
2026-03-15 00:09:54,447 | INFO | HTTP Request: HEAD https://huggingface.co/api/resolve-cache/models/shibing624/text2vec-base-chinese/183bb99aa7af74355fb58d16edf8c13ae7c5433e/modules.json "HTTP/1.1 200 OK"
2026-03-15 00:09:54,784 | INFO | HTTP Request: HEAD https://huggingface.co/shibing624/text2vec-base-chinese/resolve/main/sentence_bert_config.json "HTTP/1.1 307 Temporary Redirect"
2026-03-15 00:09:54,853 | INFO | HTTP Request: HEAD https://huggingface.co/api/resolve-cache/models/shibing624/text2vec-base-chinese/183bb99aa7af74355fb58d16edf8c13ae7c5433e/sentence_bert_config.json "HTTP/1.1 200 OK"
2026-03-15 00:09:55,142 | INFO | HTTP Request: HEAD https://huggingface.co/shibing624/text2vec-base-chinese/resolve/main/adapter_config.json "HTTP/1.1 404 Not Found"
2026-03-15 00:09:55,432 | INFO | HTTP Request: HEAD https://huggingface.co/shibing624/text2vec-base-chinese/resolve/main/config.json "HTTP/1.1 307 Temporary Redirect"
2026-03-15 00:09:55,741 | INFO | HTTP Request: HEAD https://huggingface.co/api/resolve-cache/models/shibing624/text2vec-base-chinese/183bb99aa7af74355fb58d16edf8c13ae7c5433e/config.json "HTTP/1.1 200 OK"
2026-03-15 00:09:56,275 | INFO | HTTP Request: HEAD https://huggingface.co/shibing624/text2vec-base-chinese/resolve/main/config.json "HTTP/1.1 307 Temporary Redirect"
2026-03-15 00:09:56,344 | INFO | HTTP Request: HEAD https://huggingface.co/api/resolve-cache/models/shibing624/text2vec-base-chinese/183bb99aa7af74355fb58d16edf8c13ae7c5433e/config.json "HTTP/1.1 200 OK"
2026-03-15 00:09:56,632 | INFO | HTTP Request: HEAD https://huggingface.co/shibing624/text2vec-base-chinese/resolve/main/tokenizer_config.json "HTTP/1.1 307 Temporary Redirect"
2026-03-15 00:09:56,701 | INFO | HTTP Request: HEAD https://huggingface.co/api/resolve-cache/models/shibing624/text2vec-base-chinese/183bb99aa7af74355fb58d16edf8c13ae7c5433e/tokenizer_config.json "HTTP/1.1 200 OK"
2026-03-15 00:09:57,255 | INFO | HTTP Request: GET https://huggingface.co/api/models/shibing624/text2vec-base-chinese/tree/main/additional_chat_templates?recursive=false&expand=false "HTTP/1.1 404 Not Found"
2026-03-15 00:09:57,575 | INFO | HTTP Request: GET https://huggingface.co/api/models/shibing624/text2vec-base-chinese/tree/main?recursive=true&expand=false "HTTP/1.1 200 OK"
2026-03-15 00:09:57,910 | INFO | HTTP Request: HEAD https://huggingface.co/shibing624/text2vec-base-chinese/resolve/main/1_Pooling/config.json "HTTP/1.1 307 Temporary Redirect"
2026-03-15 00:09:57,981 | INFO | HTTP Request: HEAD https://huggingface.co/api/resolve-cache/models/shibing624/text2vec-base-chinese/183bb99aa7af74355fb58d16edf8c13ae7c5433e/1_Pooling%2Fconfig.json "HTTP/1.1 200 OK"
2026-03-15 00:09:58,284 | INFO | HTTP Request: GET https://huggingface.co/api/models/shibing624/text2vec-base-chinese "HTTP/1.1 200 OK"
2026-03-15 13:30:22,506 | INFO | Use pytorch device_name: cpu
2026-03-15 13:30:22,506 | INFO | Load pretrained SentenceTransformer: shibing624/text2vec-base-chinese
2026-03-15 13:30:24,073 | INFO | HTTP Request: HEAD https://huggingface.co/shibing624/text2vec-base-chinese/resolve/main/modules.json "HTTP/1.1 307 Temporary Redirect"
2026-03-15 13:30:24,074 | WARNING | Warning: You are sending unauthenticated requests to the HF Hub. Please set a HF_TOKEN to enable higher rate limits and faster downloads.
2026-03-15 13:30:24,139 | INFO | HTTP Request: HEAD https://huggingface.co/api/resolve-cache/models/shibing624/text2vec-base-chinese/183bb99aa7af74355fb58d16edf8c13ae7c5433e/modules.json "HTTP/1.1 200 OK"
2026-03-15 13:30:24,427 | INFO | HTTP Request: HEAD https://huggingface.co/shibing624/text2vec-base-chinese/resolve/main/config_sentence_transformers.json "HTTP/1.1 404 Not Found"
2026-03-15 13:30:24,714 | INFO | HTTP Request: HEAD https://huggingface.co/shibing624/text2vec-base-chinese/resolve/main/config_sentence_transformers.json "HTTP/1.1 404 Not Found"
2026-03-15 13:30:24,996 | INFO | HTTP Request: HEAD https://huggingface.co/shibing624/text2vec-base-chinese/resolve/main/README.md "HTTP/1.1 307 Temporary Redirect"
2026-03-15 13:30:25,063 | INFO | HTTP Request: HEAD https://huggingface.co/api/resolve-cache/models/shibing624/text2vec-base-chinese/183bb99aa7af74355fb58d16edf8c13ae7c5433e/README.md "HTTP/1.1 200 OK"
2026-03-15 13:30:25,357 | INFO | HTTP Request: HEAD https://huggingface.co/shibing624/text2vec-base-chinese/resolve/main/modules.json "HTTP/1.1 307 Temporary Redirect"
2026-03-15 13:30:25,424 | INFO | HTTP Request: HEAD https://huggingface.co/api/resolve-cache/models/shibing624/text2vec-base-chinese/183bb99aa7af74355fb58d16edf8c13ae7c5433e/modules.json "HTTP/1.1 200 OK"
2026-03-15 13:30:25,712 | INFO | HTTP Request: HEAD https://huggingface.co/shibing624/text2vec-base-chinese/resolve/main/sentence_bert_config.json "HTTP/1.1 307 Temporary Redirect"
2026-03-15 13:30:25,778 | INFO | HTTP Request: HEAD https://huggingface.co/api/resolve-cache/models/shibing624/text2vec-base-chinese/183bb99aa7af74355fb58d16edf8c13ae7c5433e/sentence_bert_config.json "HTTP/1.1 200 OK"
2026-03-15 13:30:26,060 | INFO | HTTP Request: HEAD https://huggingface.co/shibing624/text2vec-base-chinese/resolve/main/adapter_config.json "HTTP/1.1 404 Not Found"
2026-03-15 13:30:26,366 | INFO | HTTP Request: HEAD https://huggingface.co/shibing624/text2vec-base-chinese/resolve/main/config.json "HTTP/1.1 307 Temporary Redirect"
2026-03-15 13:30:26,432 | INFO | HTTP Request: HEAD https://huggingface.co/api/resolve-cache/models/shibing624/text2vec-base-chinese/183bb99aa7af74355fb58d16edf8c13ae7c5433e/config.json "HTTP/1.1 200 OK"
2026-03-15 13:30:26,852 | INFO | HTTP Request: HEAD https://huggingface.co/shibing624/text2vec-base-chinese/resolve/main/config.json "HTTP/1.1 307 Temporary Redirect"
2026-03-15 13:30:26,919 | INFO | HTTP Request: HEAD https://huggingface.co/api/resolve-cache/models/shibing624/text2vec-base-chinese/183bb99aa7af74355fb58d16edf8c13ae7c5433e/config.json "HTTP/1.1 200 OK"
2026-03-15 13:30:27,204 | INFO | HTTP Request: HEAD https://huggingface.co/shibing624/text2vec-base-chinese/resolve/main/tokenizer_config.json "HTTP/1.1 307 Temporary Redirect"
2026-03-15 13:30:27,270 | INFO | HTTP Request: HEAD https://huggingface.co/api/resolve-cache/models/shibing624/text2vec-base-chinese/183bb99aa7af74355fb58d16edf8c13ae7c5433e/tokenizer_config.json "HTTP/1.1 200 OK"
2026-03-15 13:30:27,562 | INFO | HTTP Request: GET https://huggingface.co/api/models/shibing624/text2vec-base-chinese/tree/main/additional_chat_templates?recursive=false&expand=false "HTTP/1.1 404 Not Found"
2026-03-15 13:30:27,859 | INFO | HTTP Request: GET https://huggingface.co/api/models/shibing624/text2vec-base-chinese/tree/main?recursive=true&expand=false "HTTP/1.1 200 OK"
2026-03-15 13:30:28,177 | INFO | HTTP Request: HEAD https://huggingface.co/shibing624/text2vec-base-chinese/resolve/main/1_Pooling/config.json "HTTP/1.1 307 Temporary Redirect"
2026-03-15 13:30:28,246 | INFO | HTTP Request: HEAD https://huggingface.co/api/resolve-cache/models/shibing624/text2vec-base-chinese/183bb99aa7af74355fb58d16edf8c13ae7c5433e/1_Pooling%2Fconfig.json "HTTP/1.1 200 OK"
2026-03-15 13:30:28,541 | INFO | HTTP Request: GET https://huggingface.co/api/models/shibing624/text2vec-base-chinese "HTTP/1.1 200 OK"
2026-03-15 13:37:41,352 | INFO | NumExpr defaulting to 16 threads.
2026-03-15 13:37:43,391 | INFO | Use pytorch device_name: cpu
2026-03-15 13:37:43,392 | INFO | Load pretrained SentenceTransformer: shibing624/text2vec-base-chinese
2026-03-15 13:37:44,990 | INFO | HTTP Request: HEAD https://huggingface.co/shibing624/text2vec-base-chinese/resolve/main/modules.json "HTTP/1.1 307 Temporary Redirect"
2026-03-15 13:37:45,045 | INFO | HTTP Request: HEAD https://huggingface.co/api/resolve-cache/models/shibing624/text2vec-base-chinese/183bb99aa7af74355fb58d16edf8c13ae7c5433e/modules.json "HTTP/1.1 200 OK"
2026-03-15 13:37:45,331 | INFO | HTTP Request: HEAD https://huggingface.co/shibing624/text2vec-base-chinese/resolve/main/config_sentence_transformers.json "HTTP/1.1 404 Not Found"
2026-03-15 13:37:45,332 | WARNING | Warning: You are sending unauthenticated requests to the HF Hub. Please set a HF_TOKEN to enable higher rate limits and faster downloads.
2026-03-15 13:37:45,599 | INFO | HTTP Request: HEAD https://huggingface.co/shibing624/text2vec-base-chinese/resolve/main/config_sentence_transformers.json "HTTP/1.1 404 Not Found"
2026-03-15 13:37:45,874 | INFO | HTTP Request: HEAD https://huggingface.co/shibing624/text2vec-base-chinese/resolve/main/README.md "HTTP/1.1 307 Temporary Redirect"
2026-03-15 13:37:45,930 | INFO | HTTP Request: HEAD https://huggingface.co/api/resolve-cache/models/shibing624/text2vec-base-chinese/183bb99aa7af74355fb58d16edf8c13ae7c5433e/README.md "HTTP/1.1 200 OK"
2026-03-15 13:37:46,417 | INFO | HTTP Request: HEAD https://huggingface.co/shibing624/text2vec-base-chinese/resolve/main/modules.json "HTTP/1.1 307 Temporary Redirect"
2026-03-15 13:37:46,653 | INFO | HTTP Request: HEAD https://huggingface.co/api/resolve-cache/models/shibing624/text2vec-base-chinese/183bb99aa7af74355fb58d16edf8c13ae7c5433e/modules.json "HTTP/1.1 200 OK"
2026-03-15 13:37:47,073 | INFO | HTTP Request: HEAD https://huggingface.co/shibing624/text2vec-base-chinese/resolve/main/sentence_bert_config.json "HTTP/1.1 307 Temporary Redirect"
2026-03-15 13:37:47,194 | INFO | HTTP Request: HEAD https://huggingface.co/api/resolve-cache/models/shibing624/text2vec-base-chinese/183bb99aa7af74355fb58d16edf8c13ae7c5433e/sentence_bert_config.json "HTTP/1.1 200 OK"
2026-03-15 13:37:47,488 | INFO | HTTP Request: HEAD https://huggingface.co/shibing624/text2vec-base-chinese/resolve/main/adapter_config.json "HTTP/1.1 404 Not Found"
2026-03-15 13:37:47,780 | INFO | HTTP Request: HEAD https://huggingface.co/shibing624/text2vec-base-chinese/resolve/main/config.json "HTTP/1.1 307 Temporary Redirect"
2026-03-15 13:37:47,843 | INFO | HTTP Request: HEAD https://huggingface.co/api/resolve-cache/models/shibing624/text2vec-base-chinese/183bb99aa7af74355fb58d16edf8c13ae7c5433e/config.json "HTTP/1.1 200 OK"
2026-03-15 13:37:48,213 | INFO | HTTP Request: HEAD https://huggingface.co/shibing624/text2vec-base-chinese/resolve/main/config.json "HTTP/1.1 307 Temporary Redirect"
2026-03-15 13:37:48,267 | INFO | HTTP Request: HEAD https://huggingface.co/api/resolve-cache/models/shibing624/text2vec-base-chinese/183bb99aa7af74355fb58d16edf8c13ae7c5433e/config.json "HTTP/1.1 200 OK"
2026-03-15 13:37:48,551 | INFO | HTTP Request: HEAD https://huggingface.co/shibing624/text2vec-base-chinese/resolve/main/tokenizer_config.json "HTTP/1.1 307 Temporary Redirect"
2026-03-15 13:37:48,606 | INFO | HTTP Request: HEAD https://huggingface.co/api/resolve-cache/models/shibing624/text2vec-base-chinese/183bb99aa7af74355fb58d16edf8c13ae7c5433e/tokenizer_config.json "HTTP/1.1 200 OK"
2026-03-15 13:37:48,889 | INFO | HTTP Request: GET https://huggingface.co/api/models/shibing624/text2vec-base-chinese/tree/main/additional_chat_templates?recursive=false&expand=false "HTTP/1.1 404 Not Found"
2026-03-15 13:37:49,188 | INFO | HTTP Request: GET https://huggingface.co/api/models/shibing624/text2vec-base-chinese/tree/main?recursive=true&expand=false "HTTP/1.1 200 OK"
2026-03-15 13:37:49,476 | INFO | HTTP Request: HEAD https://huggingface.co/shibing624/text2vec-base-chinese/resolve/main/1_Pooling/config.json "HTTP/1.1 307 Temporary Redirect"
2026-03-15 13:37:49,532 | INFO | HTTP Request: HEAD https://huggingface.co/api/resolve-cache/models/shibing624/text2vec-base-chinese/183bb99aa7af74355fb58d16edf8c13ae7c5433e/1_Pooling%2Fconfig.json "HTTP/1.1 200 OK"
2026-03-15 13:37:49,814 | INFO | HTTP Request: GET https://huggingface.co/api/models/shibing624/text2vec-base-chinese "HTTP/1.1 200 OK"
2026-03-15 14:45:51,093 | INFO | NumExpr defaulting to 16 threads.
2026-03-15 14:45:53,027 | INFO | Use pytorch device_name: cpu
2026-03-15 14:45:53,027 | INFO | Load pretrained SentenceTransformer: shibing624/text2vec-base-chinese
2026-03-15 14:45:54,586 | INFO | HTTP Request: HEAD https://huggingface.co/shibing624/text2vec-base-chinese/resolve/main/modules.json "HTTP/1.1 307 Temporary Redirect"
2026-03-15 14:45:54,651 | INFO | HTTP Request: HEAD https://huggingface.co/api/resolve-cache/models/shibing624/text2vec-base-chinese/183bb99aa7af74355fb58d16edf8c13ae7c5433e/modules.json "HTTP/1.1 200 OK"
2026-03-15 14:45:54,940 | INFO | HTTP Request: HEAD https://huggingface.co/shibing624/text2vec-base-chinese/resolve/main/config_sentence_transformers.json "HTTP/1.1 404 Not Found"
2026-03-15 14:45:55,221 | INFO | HTTP Request: HEAD https://huggingface.co/shibing624/text2vec-base-chinese/resolve/main/config_sentence_transformers.json "HTTP/1.1 404 Not Found"
2026-03-15 14:45:55,506 | INFO | HTTP Request: HEAD https://huggingface.co/shibing624/text2vec-base-chinese/resolve/main/README.md "HTTP/1.1 307 Temporary Redirect"
2026-03-15 14:45:55,507 | WARNING | Warning: You are sending unauthenticated requests to the HF Hub. Please set a HF_TOKEN to enable higher rate limits and faster downloads.
2026-03-15 14:45:55,568 | INFO | HTTP Request: HEAD https://huggingface.co/api/resolve-cache/models/shibing624/text2vec-base-chinese/183bb99aa7af74355fb58d16edf8c13ae7c5433e/README.md "HTTP/1.1 200 OK"
2026-03-15 14:45:55,850 | INFO | HTTP Request: HEAD https://huggingface.co/shibing624/text2vec-base-chinese/resolve/main/modules.json "HTTP/1.1 307 Temporary Redirect"
2026-03-15 14:45:55,912 | INFO | HTTP Request: HEAD https://huggingface.co/api/resolve-cache/models/shibing624/text2vec-base-chinese/183bb99aa7af74355fb58d16edf8c13ae7c5433e/modules.json "HTTP/1.1 200 OK"
2026-03-15 14:45:56,196 | INFO | HTTP Request: HEAD https://huggingface.co/shibing624/text2vec-base-chinese/resolve/main/sentence_bert_config.json "HTTP/1.1 307 Temporary Redirect"
2026-03-15 14:45:56,258 | INFO | HTTP Request: HEAD https://huggingface.co/api/resolve-cache/models/shibing624/text2vec-base-chinese/183bb99aa7af74355fb58d16edf8c13ae7c5433e/sentence_bert_config.json "HTTP/1.1 200 OK"
2026-03-15 14:45:56,539 | INFO | HTTP Request: HEAD https://huggingface.co/shibing624/text2vec-base-chinese/resolve/main/adapter_config.json "HTTP/1.1 404 Not Found"
2026-03-15 14:45:56,822 | INFO | HTTP Request: HEAD https://huggingface.co/shibing624/text2vec-base-chinese/resolve/main/config.json "HTTP/1.1 307 Temporary Redirect"
2026-03-15 14:45:56,883 | INFO | HTTP Request: HEAD https://huggingface.co/api/resolve-cache/models/shibing624/text2vec-base-chinese/183bb99aa7af74355fb58d16edf8c13ae7c5433e/config.json "HTTP/1.1 200 OK"
2026-03-15 14:45:57,455 | INFO | HTTP Request: HEAD https://huggingface.co/shibing624/text2vec-base-chinese/resolve/main/config.json "HTTP/1.1 307 Temporary Redirect"
2026-03-15 14:45:57,791 | INFO | HTTP Request: HEAD https://huggingface.co/api/resolve-cache/models/shibing624/text2vec-base-chinese/183bb99aa7af74355fb58d16edf8c13ae7c5433e/config.json "HTTP/1.1 200 OK"
2026-03-15 14:46:04,765 | INFO | NumExpr defaulting to 16 threads.
2026-03-15 14:46:06,476 | INFO | Use pytorch device_name: cpu
2026-03-15 14:46:06,476 | INFO | Load pretrained SentenceTransformer: shibing624/text2vec-base-chinese
2026-03-15 14:46:08,000 | INFO | HTTP Request: HEAD https://huggingface.co/shibing624/text2vec-base-chinese/resolve/main/modules.json "HTTP/1.1 307 Temporary Redirect"
2026-03-15 14:46:08,060 | INFO | HTTP Request: HEAD https://huggingface.co/api/resolve-cache/models/shibing624/text2vec-base-chinese/183bb99aa7af74355fb58d16edf8c13ae7c5433e/modules.json "HTTP/1.1 200 OK"
2026-03-15 14:46:08,338 | INFO | HTTP Request: HEAD https://huggingface.co/shibing624/text2vec-base-chinese/resolve/main/config_sentence_transformers.json "HTTP/1.1 404 Not Found"
2026-03-15 14:46:08,620 | INFO | HTTP Request: HEAD https://huggingface.co/shibing624/text2vec-base-chinese/resolve/main/config_sentence_transformers.json "HTTP/1.1 404 Not Found"
2026-03-15 14:46:08,906 | INFO | HTTP Request: HEAD https://huggingface.co/shibing624/text2vec-base-chinese/resolve/main/README.md "HTTP/1.1 307 Temporary Redirect"
2026-03-15 14:46:08,907 | WARNING | Warning: You are sending unauthenticated requests to the HF Hub. Please set a HF_TOKEN to enable higher rate limits and faster downloads.
2026-03-15 14:46:08,970 | INFO | HTTP Request: HEAD https://huggingface.co/api/resolve-cache/models/shibing624/text2vec-base-chinese/183bb99aa7af74355fb58d16edf8c13ae7c5433e/README.md "HTTP/1.1 200 OK"
2026-03-15 14:46:09,246 | INFO | HTTP Request: HEAD https://huggingface.co/shibing624/text2vec-base-chinese/resolve/main/modules.json "HTTP/1.1 307 Temporary Redirect"
2026-03-15 14:46:09,306 | INFO | HTTP Request: HEAD https://huggingface.co/api/resolve-cache/models/shibing624/text2vec-base-chinese/183bb99aa7af74355fb58d16edf8c13ae7c5433e/modules.json "HTTP/1.1 200 OK"
2026-03-15 14:46:09,583 | INFO | HTTP Request: HEAD https://huggingface.co/shibing624/text2vec-base-chinese/resolve/main/sentence_bert_config.json "HTTP/1.1 307 Temporary Redirect"
2026-03-15 14:46:09,643 | INFO | HTTP Request: HEAD https://huggingface.co/api/resolve-cache/models/shibing624/text2vec-base-chinese/183bb99aa7af74355fb58d16edf8c13ae7c5433e/sentence_bert_config.json "HTTP/1.1 200 OK"
2026-03-15 14:46:09,928 | INFO | HTTP Request: HEAD https://huggingface.co/shibing624/text2vec-base-chinese/resolve/main/adapter_config.json "HTTP/1.1 404 Not Found"
2026-03-15 14:46:10,217 | INFO | HTTP Request: HEAD https://huggingface.co/shibing624/text2vec-base-chinese/resolve/main/config.json "HTTP/1.1 307 Temporary Redirect"
2026-03-15 14:46:10,288 | INFO | HTTP Request: HEAD https://huggingface.co/api/resolve-cache/models/shibing624/text2vec-base-chinese/183bb99aa7af74355fb58d16edf8c13ae7c5433e/config.json "HTTP/1.1 200 OK"
2026-03-15 14:46:10,693 | INFO | HTTP Request: HEAD https://huggingface.co/shibing624/text2vec-base-chinese/resolve/main/config.json "HTTP/1.1 307 Temporary Redirect"
2026-03-15 14:46:10,753 | INFO | HTTP Request: HEAD https://huggingface.co/api/resolve-cache/models/shibing624/text2vec-base-chinese/183bb99aa7af74355fb58d16edf8c13ae7c5433e/config.json "HTTP/1.1 200 OK"
2026-03-15 14:46:11,040 | INFO | HTTP Request: HEAD https://huggingface.co/shibing624/text2vec-base-chinese/resolve/main/tokenizer_config.json "HTTP/1.1 307 Temporary Redirect"
2026-03-15 14:46:11,111 | INFO | HTTP Request: HEAD https://huggingface.co/api/resolve-cache/models/shibing624/text2vec-base-chinese/183bb99aa7af74355fb58d16edf8c13ae7c5433e/tokenizer_config.json "HTTP/1.1 200 OK"
2026-03-15 14:46:11,435 | INFO | HTTP Request: GET https://huggingface.co/api/models/shibing624/text2vec-base-chinese/tree/main/additional_chat_templates?recursive=false&expand=false "HTTP/1.1 404 Not Found"
2026-03-15 14:46:11,720 | INFO | HTTP Request: GET https://huggingface.co/api/models/shibing624/text2vec-base-chinese/tree/main?recursive=true&expand=false "HTTP/1.1 200 OK"
2026-03-15 14:46:12,030 | INFO | HTTP Request: HEAD https://huggingface.co/shibing624/text2vec-base-chinese/resolve/main/1_Pooling/config.json "HTTP/1.1 307 Temporary Redirect"
2026-03-15 14:46:12,095 | INFO | HTTP Request: HEAD https://huggingface.co/api/resolve-cache/models/shibing624/text2vec-base-chinese/183bb99aa7af74355fb58d16edf8c13ae7c5433e/1_Pooling%2Fconfig.json "HTTP/1.1 200 OK"
2026-03-15 14:46:12,385 | INFO | HTTP Request: GET https://huggingface.co/api/models/shibing624/text2vec-base-chinese "HTTP/1.1 200 OK"
2026-03-15 14:46:21,736 | INFO | NumExpr defaulting to 16 threads.
2026-03-15 14:46:23,146 | INFO | Use pytorch device_name: cpu
2026-03-15 14:46:23,146 | INFO | Load pretrained SentenceTransformer: shibing624/text2vec-base-chinese
2026-03-15 14:46:24,710 | INFO | HTTP Request: HEAD https://huggingface.co/shibing624/text2vec-base-chinese/resolve/main/modules.json "HTTP/1.1 307 Temporary Redirect"
2026-03-15 14:46:24,711 | WARNING | Warning: You are sending unauthenticated requests to the HF Hub. Please set a HF_TOKEN to enable higher rate limits and faster downloads.
2026-03-15 14:46:24,775 | INFO | HTTP Request: HEAD https://huggingface.co/api/resolve-cache/models/shibing624/text2vec-base-chinese/183bb99aa7af74355fb58d16edf8c13ae7c5433e/modules.json "HTTP/1.1 200 OK"
2026-03-15 14:46:25,064 | INFO | HTTP Request: HEAD https://huggingface.co/shibing624/text2vec-base-chinese/resolve/main/config_sentence_transformers.json "HTTP/1.1 404 Not Found"
2026-03-15 14:46:25,360 | INFO | HTTP Request: HEAD https://huggingface.co/shibing624/text2vec-base-chinese/resolve/main/config_sentence_transformers.json "HTTP/1.1 404 Not Found"
2026-03-15 14:46:25,659 | INFO | HTTP Request: HEAD https://huggingface.co/shibing624/text2vec-base-chinese/resolve/main/README.md "HTTP/1.1 307 Temporary Redirect"
2026-03-15 14:46:25,723 | INFO | HTTP Request: HEAD https://huggingface.co/api/resolve-cache/models/shibing624/text2vec-base-chinese/183bb99aa7af74355fb58d16edf8c13ae7c5433e/README.md "HTTP/1.1 200 OK"
2026-03-15 14:46:26,351 | INFO | HTTP Request: HEAD https://huggingface.co/shibing624/text2vec-base-chinese/resolve/main/modules.json "HTTP/1.1 307 Temporary Redirect"
2026-03-15 14:46:26,414 | INFO | HTTP Request: HEAD https://huggingface.co/api/resolve-cache/models/shibing624/text2vec-base-chinese/183bb99aa7af74355fb58d16edf8c13ae7c5433e/modules.json "HTTP/1.1 200 OK"
2026-03-15 14:46:26,702 | INFO | HTTP Request: HEAD https://huggingface.co/shibing624/text2vec-base-chinese/resolve/main/sentence_bert_config.json "HTTP/1.1 307 Temporary Redirect"
2026-03-15 14:46:26,769 | INFO | HTTP Request: HEAD https://huggingface.co/api/resolve-cache/models/shibing624/text2vec-base-chinese/183bb99aa7af74355fb58d16edf8c13ae7c5433e/sentence_bert_config.json "HTTP/1.1 200 OK"
2026-03-15 14:46:27,280 | INFO | HTTP Request: HEAD https://huggingface.co/shibing624/text2vec-base-chinese/resolve/main/adapter_config.json "HTTP/1.1 404 Not Found"
2026-03-15 14:46:27,562 | INFO | HTTP Request: HEAD https://huggingface.co/shibing624/text2vec-base-chinese/resolve/main/config.json "HTTP/1.1 307 Temporary Redirect"
2026-03-15 14:46:27,629 | INFO | HTTP Request: HEAD https://huggingface.co/api/resolve-cache/models/shibing624/text2vec-base-chinese/183bb99aa7af74355fb58d16edf8c13ae7c5433e/config.json "HTTP/1.1 200 OK"
2026-03-15 14:46:28,013 | INFO | HTTP Request: HEAD https://huggingface.co/shibing624/text2vec-base-chinese/resolve/main/config.json "HTTP/1.1 307 Temporary Redirect"
2026-03-15 14:46:28,082 | INFO | HTTP Request: HEAD https://huggingface.co/api/resolve-cache/models/shibing624/text2vec-base-chinese/183bb99aa7af74355fb58d16edf8c13ae7c5433e/config.json "HTTP/1.1 200 OK"
2026-03-15 14:46:28,368 | INFO | HTTP Request: HEAD https://huggingface.co/shibing624/text2vec-base-chinese/resolve/main/tokenizer_config.json "HTTP/1.1 307 Temporary Redirect"
2026-03-15 14:46:28,434 | INFO | HTTP Request: HEAD https://huggingface.co/api/resolve-cache/models/shibing624/text2vec-base-chinese/183bb99aa7af74355fb58d16edf8c13ae7c5433e/tokenizer_config.json "HTTP/1.1 200 OK"
2026-03-15 14:46:28,723 | INFO | HTTP Request: GET https://huggingface.co/api/models/shibing624/text2vec-base-chinese/tree/main/additional_chat_templates?recursive=false&expand=false "HTTP/1.1 404 Not Found"
2026-03-15 14:46:29,009 | INFO | HTTP Request: GET https://huggingface.co/api/models/shibing624/text2vec-base-chinese/tree/main?recursive=true&expand=false "HTTP/1.1 200 OK"
2026-03-15 14:46:29,303 | INFO | HTTP Request: HEAD https://huggingface.co/shibing624/text2vec-base-chinese/resolve/main/1_Pooling/config.json "HTTP/1.1 307 Temporary Redirect"
2026-03-15 14:46:29,372 | INFO | HTTP Request: HEAD https://huggingface.co/api/resolve-cache/models/shibing624/text2vec-base-chinese/183bb99aa7af74355fb58d16edf8c13ae7c5433e/1_Pooling%2Fconfig.json "HTTP/1.1 200 OK"
2026-03-15 14:46:29,662 | INFO | HTTP Request: GET https://huggingface.co/api/models/shibing624/text2vec-base-chinese "HTTP/1.1 200 OK"
